2024-10-28 18:24:28,853 INFO o.a.j.u.JMeterUtils: Setting Locale to en_EN
2024-10-28 18:24:28,865 INFO o.a.j.JMeter: Loading user properties from: C:\apache-jmeter-5.6.3\bin\user.properties
2024-10-28 18:24:28,865 INFO o.a.j.JMeter: Loading system properties from: C:\apache-jmeter-5.6.3\bin\system.properties
2024-10-28 18:24:28,871 INFO o.a.j.JMeter: Copyright (c) 1998-2024 The Apache Software Foundation
2024-10-28 18:24:28,872 INFO o.a.j.JMeter: Version 5.6.3
2024-10-28 18:24:28,872 INFO o.a.j.JMeter: java.version=22.0.2
2024-10-28 18:24:28,872 INFO o.a.j.JMeter: java.vm.name=Java HotSpot(TM) 64-Bit Server VM
2024-10-28 18:24:28,872 INFO o.a.j.JMeter: os.name=Windows 11
2024-10-28 18:24:28,872 INFO o.a.j.JMeter: os.arch=amd64
2024-10-28 18:24:28,872 INFO o.a.j.JMeter: os.version=10.0
2024-10-28 18:24:28,872 INFO o.a.j.JMeter: file.encoding=UTF-8
2024-10-28 18:24:28,872 INFO o.a.j.JMeter: java.awt.headless=null
2024-10-28 18:24:28,872 INFO o.a.j.JMeter: Max memory     =1073741824
2024-10-28 18:24:28,872 INFO o.a.j.JMeter: Available Processors =12
2024-10-28 18:24:28,879 INFO o.a.j.JMeter: Default Locale=English (EN)
2024-10-28 18:24:28,879 INFO o.a.j.JMeter: JMeter  Locale=English (EN)
2024-10-28 18:24:28,879 INFO o.a.j.JMeter: JMeterHome=C:\apache-jmeter-5.6.3
2024-10-28 18:24:28,879 INFO o.a.j.JMeter: user.dir  =C:\apache-jmeter-5.6.3\bin\Sprint One
2024-10-28 18:24:28,879 INFO o.a.j.JMeter: PWD       =C:\apache-jmeter-5.6.3\bin\Sprint One
2024-10-28 18:24:28,880 INFO o.a.j.JMeter: IP: 192.168.1.3 Name: DESKTOP-KK0TUD2 FullName: DESKTOP-KK0TUD2
2024-10-28 18:24:28,888 INFO o.a.j.JMeter: Loaded icon properties from org/apache/jmeter/images/icon.properties
2024-10-28 18:24:29,016 INFO o.a.j.JMeterGuiLauncher: Setting LAF to: com.github.weisj.darklaf.DarkLaf:com.github.weisj.darklaf.theme.DarculaTheme
